[2025-12-20T01:52:21.104282] Agent stderr: Error: 1 validation error for Content
content
  Extra inputs are not permitted [type=extra_forbidden, input_value='# Global Learnings\n\n**...tly asks you to stop.\n', input_type=str]
    For further information visit https://errors.pydantic.dev/2.12/v/extra_forbidden

[2025-12-20T01:52:21.166038] Agent stderr: Error: 1 validation error for Content
content
  Extra inputs are not permitted [type=extra_forbidden, input_value='# Global Learnings\n\n**...tly asks you to stop.\n', input_type=str]
    For further information visit https://errors.pydantic.dev/2.12/v/extra_forbidden

[2025-12-20T01:52:21.416759] Agent stderr: Error: 1 validation error for Content
content
  Extra inputs are not permitted [type=extra_forbidden, input_value='# Global Learnings\n\n**...tly asks you to stop.\n', input_type=str]
    For further information visit https://errors.pydantic.dev/2.12/v/extra_forbidden

[2025-12-20T01:52:22.807841] Agent process exited with code -9
[2025-12-20T02:03:00.684414] Agent stderr: Error: 1 validation error for Content
content
  Extra inputs are not permitted [type=extra_forbidden, input_value='# Global Learnings\n\n**...tly asks you to stop.\n', input_type=str]
    For further information visit https://errors.pydantic.dev/2.12/v/extra_forbidden

[2025-12-20T02:03:00.804908] Agent stderr: Error: 1 validation error for Content
content
  Extra inputs are not permitted [type=extra_forbidden, input_value='# Global Learnings\n\n**...tly asks you to stop.\n', input_type=str]
    For further information visit https://errors.pydantic.dev/2.12/v/extra_forbidden

[2025-12-20T02:03:00.808803] Agent stderr: Error: 1 validation error for Content
content
  Extra inputs are not permitted [type=extra_forbidden, input_value='# Global Learnings\n\n**...tly asks you to stop.\n', input_type=str]
    For further information visit https://errors.pydantic.dev/2.12/v/extra_forbidden

