  ▲ Next.js 14.2.5
  - Environments: .env

   Creating an optimized production build ...
 ✓ Compiled successfully
   Linting and checking validity of types ...
   Collecting page data ...
   Generating static pages (0/4) ...
   Generating static pages (1/4) 
   Generating static pages (2/4) 
   Generating static pages (3/4) 
 ✓ Generating static pages (4/4)
   Finalizing page optimization ...
   Collecting build traces ...


Redirects
┌ source: /:path+/
├ destination: /:path+
└ permanent: true


Route (app)                              Size     First Load JS
┌ ○ /_not-found                          871 B          87.9 kB
└ ○ /connectome                          53.4 kB         140 kB
+ First Load JS shared by all            87 kB
  ├ chunks/23-de1b128e208d98c6.js        31.5 kB
  ├ chunks/fd9d1056-c1ff0c76c644a8b8.js  53.6 kB
  └ other shared chunks (total)          1.86 kB


○  (Static)  prerendered as static content

